<?xml version="1.0" encoding="UTF-8"?>
<!-- Generated by org.testng.reporters.JUnitReportReporter -->
<testsuite hostname="DESKTOP-PRTHF3B" failures="0" tests="1" name="Kemmy.rThread.Physical_State" time="76.238" errors="0" timestamp="2024-01-02T10:38:06 IST" skipped="0">
  <testcase classname="Kemmy.rThread.Physical_State" name="Physical_1" time="76.238"/>
</testsuite> <!-- Kemmy.rThread.Physical_State -->
