<?xml version="1.0" encoding="UTF-8"?>
<!-- Generated by org.testng.reporters.JUnitReportReporter -->
<testsuite hostname="DESKTOP-PRTHF3B" failures="0" tests="1" name="Kemmy.rThread.AppiumBase" time="15.644" errors="0" timestamp="2023-12-09T16:47:03 IST" skipped="0">
  <testcase classname="Kemmy.rThread.AppiumBase" name="configureAppium" time="15.644"/>
</testsuite> <!-- Kemmy.rThread.AppiumBase -->
