<?xml version="1.0" encoding="UTF-8"?>
<!-- Generated by org.testng.reporters.JUnitReportReporter -->
<testsuite hostname="DESKTOP-PRTHF3B" failures="0" tests="1" name="Kemmy.rThread.Health_Thread" time="0.006" errors="0" timestamp="2023-12-28T14:51:31 IST" skipped="0">
  <testcase classname="Kemmy.rThread.Health_Thread" name="Health" time="0.006"/>
</testsuite> <!-- Kemmy.rThread.Health_Thread -->
