<?xml version="1.0" encoding="UTF-8"?>
<!-- Generated by org.testng.reporters.JUnitReportReporter -->
<testsuite hostname="DESKTOP-PRTHF3B" failures="0" tests="1" name="Kemmy.rThread.Moments$Moments1" time="0.005" errors="0" timestamp="2023-12-29T18:33:30 IST" skipped="0">
  <testcase classname="Kemmy.rThread.Moments$Moments1" name="Health" time="0.005"/>
</testsuite> <!-- Kemmy.rThread.Moments$Moments1 -->
